[debug] [2021-03-30T10:19:37.529Z] ----------------------------------------------------------------------
[debug] [2021-03-30T10:19:37.531Z] Command:       C:\Program Files\nodejs\node.exe C:\Users\jaeyoung_X78K_2\AppData\Roaming\npm\node_modules\firebase-tools\lib\bin\firebase.js init
[debug] [2021-03-30T10:19:37.531Z] CLI Version:   7.6.2
[debug] [2021-03-30T10:19:37.531Z] Platform:      win32
[debug] [2021-03-30T10:19:37.531Z] Node Version:  v10.16.1
[debug] [2021-03-30T10:19:37.533Z] Time:          Tue Mar 30 2021 19:19:37 GMT+0900 (GMT+09:00)
[debug] [2021-03-30T10:19:37.533Z] ----------------------------------------------------------------------
[debug] [2021-03-30T10:19:37.533Z] 
[debug] [2021-03-30T10:19:37.539Z] > command requires scopes: ["email","openid","https://www.googleapis.com/auth/cloudplatformprojects.readonly","https://www.googleapis.com/auth/firebase","https://www.googleapis.com/auth/cloud-platform"]
[debug] [2021-03-30T10:19:37.539Z] > authorizing via signed-in user
[info] 
     ######## #### ########  ######## ########     ###     ######  ########
     ##        ##  ##     ## ##       ##     ##  ##   ##  ##       ##
     ######    ##  ########  ######   ########  #########  ######  ######
     ##        ##  ##    ##  ##       ##     ## ##     ##       ## ##
     ##       #### ##     ## ######## ########  ##     ##  ######  ########

You're about to initialize a Firebase project in this directory:

  C:\vue-chat\vue-chat

Before we get started, keep in mind:

  * You are currently outside your home directory

[info] 
=== Project Setup
[info] 
[info] First, let's associate this project directory with a Firebase project.
[info] You can create multiple project aliases by running firebase use --add, 
[info] but for now we'll just set up a default project.
[info] 
[debug] [2021-03-30T10:19:43.204Z] >>> HTTP REQUEST GET https://firebase.googleapis.com/v1beta1/projects?pageSize=100  
 
[debug] [2021-03-30T10:19:43.997Z] <<< HTTP RESPONSE 200
[info] i  Using project memi-vf2-58975 (memi-vf2)
[info] 
=== Database Setup
[info] 
[info] Firebase Realtime Database Rules allow you to define how your data should be
[info] structured and when your data can be read from and written to.
[info] 
[debug] [2021-03-30T10:19:48.787Z] >>> HTTP REQUEST GET https://memi-vf2-58975-default-rtdb.firebaseio.com/.settings/rules.json  
 
[debug] [2021-03-30T10:19:49.574Z] <<< HTTP RESPONSE 200
[info] +  Database Rules for memi-vf2-58975-default-rtdb have been downloaded to database.rules.json.
[info] Future modifications to database.rules.json will update Database Rules when you run
[info] firebase deploy.
[info] 
=== Firestore Setup
[debug] [2021-03-30T10:19:49.591Z] > command requires scopes: ["email","openid","https://www.googleapis.com/auth/cloudplatformprojects.readonly","https://www.googleapis.com/auth/firebase","https://www.googleapis.com/auth/cloud-platform"]
[debug] [2021-03-30T10:19:49.594Z] > authorizing via signed-in user
[debug] [2021-03-30T10:19:49.595Z] >>> HTTP REQUEST GET https://firebase.googleapis.com/v1beta1/projects/memi-vf2-58975  
 
[debug] [2021-03-30T10:19:50.251Z] <<< HTTP RESPONSE 200
[info] 
[info] Firestore Security Rules allow you to define how and when to allow
[info] requests. You can keep these rules in your project directory
[info] and publish them with firebase deploy.
[info] 
[debug] [2021-03-30T10:19:52.597Z] >>> HTTP REQUEST GET https://firebaserules.googleapis.com/v1/projects/memi-vf2-58975/releases?pageSize=10&pageToken=  
 
[debug] [2021-03-30T10:19:53.244Z] <<< HTTP RESPONSE 200
[debug] [2021-03-30T10:19:53.246Z] Found ruleset: projects/memi-vf2-58975/rulesets/d70cd323-68c5-432e-af4f-439f15b61aae
[debug] [2021-03-30T10:19:53.247Z] >>> HTTP REQUEST GET https://firebaserules.googleapis.com/v1/projects/memi-vf2-58975/rulesets/d70cd323-68c5-432e-af4f-439f15b61aae  
 
[debug] [2021-03-30T10:19:54.416Z] <<< HTTP RESPONSE 200
[info] 
[info] Firestore indexes allow you to perform complex queries while
[info] maintaining performance that scales with the size of the result
[info] set. You can keep index definitions in your project directory
[info] and publish them with firebase deploy.
[info] 
[debug] [2021-03-30T10:19:57.386Z] >>> HTTP REQUEST GET https://firestore.googleapis.com/v1beta2/projects/memi-vf2-58975/databases/(default)/collectionGroups/-/indexes  
 
[debug] [2021-03-30T10:19:57.387Z] >>> HTTP REQUEST GET https://firestore.googleapis.com/v1beta2/projects/memi-vf2-58975/databases/(default)/collectionGroups/-/fields?filter=indexConfig.usesAncestorConfig=false  
 
[debug] [2021-03-30T10:19:57.595Z] <<< HTTP RESPONSE 200
[debug] [2021-03-30T10:19:57.597Z] <<< HTTP RESPONSE 200
[info] 
=== Functions Setup
[info] 
[info] A functions directory will be created in your project with a Node.js
[info] package pre-configured. Functions can be deployed with firebase deploy.
[info] 
[debug] [2021-03-30T10:19:57.610Z] > command requires scopes: ["email","openid","https://www.googleapis.com/auth/cloudplatformprojects.readonly","https://www.googleapis.com/auth/firebase","https://www.googleapis.com/auth/cloud-platform"]
[debug] [2021-03-30T10:19:57.613Z] > authorizing via signed-in user
[debug] [2021-03-30T10:19:57.613Z] >>> HTTP REQUEST GET https://firebase.googleapis.com/v1beta1/projects/memi-vf2-58975  
 
[debug] [2021-03-30T10:19:58.081Z] <<< HTTP RESPONSE 200
[debug] [2021-03-30T10:19:58.093Z] >>> HTTP REQUEST POST https://serviceusage.googleapis.com/v1/projects/memi-vf2-58975/services/cloudfunctions.googleapis.com:enable  
 
[debug] [2021-03-30T10:19:58.094Z] >>> HTTP REQUEST POST https://serviceusage.googleapis.com/v1/projects/memi-vf2-58975/services/runtimeconfig.googleapis.com:enable  
 
[debug] [2021-03-30T10:19:59.180Z] <<< HTTP RESPONSE 200
[debug] [2021-03-30T10:19:59.273Z] <<< HTTP RESPONSE 200
[info] +  Wrote functions/package.json
[info] +  Wrote functions/index.js
[info] +  Wrote functions/.gitignore
[info] 
=== Hosting Setup
[info] 
[info] Your public directory is the folder (relative to your project directory) that
[info] will contain Hosting assets to be uploaded with firebase deploy. If you
[info] have a build process for your assets, use your build's output directory.
[info] 
[debug] [2021-03-30T10:20:14.348Z] >>> HTTP REQUEST GET https://www.gstatic.com/firebasejs/releases.json  
 
[debug] [2021-03-30T10:20:14.601Z] <<< HTTP RESPONSE 200
